*** Life<ConwayCell> 109x69 ***
Generation = 0, Population = 35.
.....................................................................
.....................................................................
.....................................................................
.....................................................................
.....................................................................
.....................................................................
.....................................................................
.....................................................................
.....................................................................
.....................................................................
.....................................................................
.....................................................................
.....................................................................
.....................................................................
.....................................................................
.....................................................................
.....................................................................
.....................................................................
.....................................................................
.....................................................................
.....................................................................
.....................................................................
.....................................................................
.....................................................................
.....................................................................
.....................................................................
.....................................................................
.....................................................................
.....................................................................
.....................................................................
.....................................................................
.....................................................................
.....................................................................
.....................................................................
..................................*..................................
..................................*..................................
..................................*..................................
..................................*..................................
..................................*..................................
.....................................................................
..................................*..................................
..................................*..................................
..................................*..................................
..................................*..................................
..................................*..................................
.....................................................................
..................................*..................................
..................................*..................................
..................................*..................................
..................................*..................................
..................................*..................................
.....................................................................
..................................*..................................
..................................*..................................
..................................*..................................
..................................*..................................
..................................*..................................
.....................................................................
..................................*..................................
..................................*..................................
..................................*..................................
..................................*..................................
..................................*..................................
.....................................................................
..................................*..................................
..................................*..................................
..................................*..................................
..................................*..................................
..................................*..................................
.....................................................................
..................................*..................................
..................................*..................................
..................................*..................................
..................................*..................................
..................................*..................................
.....................................................................
.....................................................................
.....................................................................
.....................................................................
.....................................................................
.....................................................................
.....................................................................
.....................................................................
.....................................................................
.....................................................................
.....................................................................
.....................................................................
.....................................................................
.....................................................................
.....................................................................
.....................................................................
.....................................................................
.....................................................................
.....................................................................
.....................................................................
.....................................................................
.....................................................................
.....................................................................
.....................................................................
.....................................................................
.....................................................................
.....................................................................
.....................................................................
.....................................................................
.....................................................................
.....................................................................
.....................................................................
.....................................................................
.....................................................................

Generation = 283, Population = 492.
.....................................................................
.....................................................................
.....................................................................
.....................................................................
....................**.........................**....................
....................**.*.**...............**.*.**....................
....................*..*.*.*.............*.*.*..*....................
.....................*...*.*.............*.*...*.....................
.....................*.**.*...............*.**.*.....................
.......................*.....................*.......................
...................*.**.......................**.*...................
.....................................................................
...................**...........................**...................
.....................................................................
.....................................................................
.....................................................................
.....................................................................
.....................................................................
.....................................................................
.....................................................................
.........*..............***...............***..............*.........
........***...*..........*.................*..........*...***........
.......*..***..*.**...............................**.*..***..*.......
......**...**......*.............................*......**...**......
.....**.*.***.......*......*..*.......*..*......*.......***.*.**.....
.....***.**....***.**......*..*.......*..*......**.***....**.***.....
........*.*....*.....****.*....*.....*....*.****.....*....*.*........
................*****.**..**...*.....*...**..**.*****................
.....**......**.*..**...**....*.......*....**...**..*.**......**.....
....*.......****........**...*.........*...**........****.......*....
....*.*.....**.........................................**.....*.*....
....*.*.......................................................*.*....
...**...........................................................**...
....*.*.......................................................*.*....
.....*.........................................................*.....
............................*...........*............................
...........................*.*.........*.*...........................
...........................*.*.........*.*...........................
............................*...........*............................
.....................................................................
.....................................................................
.....................................................................
.....................................................................
.....................................................................
.....................................................................
.....................................................................
.....................................................................
.....................................................................
.....................................................................
.....................................................................
.....................................................................
.....................................................................
.....................................................................
.....................................................................
.......................***...***.....***...***.......................
.....................................................................
.....................................................................
.....................................................................
.....................................................................
.....................................................................
.....................................................................
.....................................................................
.....................................................................
.....................................................................
.....................................................................
.....................................................................
.....................................................................
.....................................................................
.....................................................................
.....................................................................
............................*...........*............................
...........................*.*.........*.*...........................
...........................*.*.........*.*...........................
............................*...........*............................
.....*.........................................................*.....
....*.*.......................................................*.*....
...**...........................................................**...
....*.*.......................................................*.*....
....*.*.....**.........................................**.....*.*....
....*.......****........**...*.........*...**........****.......*....
.....**......**.*..**...**....*.......*....**...**..*.**......**.....
................*****.**..**...*.....*...**..**.*****................
........*.*....*.....****.*....*.....*....*.****.....*....*.*........
.....***.**....***.**......*..*.......*..*......**.***....**.***.....
.....**.*.***.......*......*..*.......*..*......*.......***.*.**.....
......**...**......*.............................*......**...**......
.......*..***..*.**...............................**.*..***..*.......
........***...*..........*.................*..........*...***........
.........*..............***...............***..............*.........
.....................................................................
.....................................................................
.....................................................................
.....................................................................
.....................................................................
.....................................................................
.....................................................................
...................**...........................**...................
.....................................................................
...................*.**.......................**.*...................
.......................*.....................*.......................
.....................*.**.*...............*.**.*.....................
.....................*...*.*.............*.*...*.....................
....................*..*.*.*.............*.*.*..*....................
....................**.*.**...............**.*.**....................
....................**.........................**....................
.....................................................................
.....................................................................
.....................................................................
.....................................................................

Generation = 323, Population = 192.
.....................................................................
.....................................................................
.....................................................................
....................**.........................**....................
....................**...*.................*...**....................
........................*.*...............*.*........................
........................*..*.............*..*........................
.........................**...............**.........................
.....................................................................
.....................................................................
.....................................................................
.....................................................................
.....................................................................
.....................................................................
.........*.................................................*.........
........*.*...............................................*.*........
........*..*.............................................*..*........
.........**...............................................**.........
.....................................................................
.....................................................................
.............*.........................................*.............
............*.*.......................................*.*............
............*.*.......................................*.*............
.............*.........................................*.............
............................***.......***............................
.....................................................................
..........................*.....*...*.....*..........................
..........................*.....*...*.....*..........................
..........................*.....*...*.....*..........................
.....*.........................................................*.....
.....*......................***.......***......................*.....
.....*.........................................................*.....
.....................................................................
.....................................................................
.....................................................................
............................*...........*............................
...........................*.*.........*.*...........................
...........................*.*.........*.*...........................
............................*...........*............................
.....................................................................
.....................................................................
.....................................................................
.....................................................................
.....................................................................
.....................................................................
.....................................................................
.....................................................................
.....................................................................
.....................................................................
.....................................................................
.....................................................................
.....................................................................
.....................................................................
.....................................................................
.......................***...***.....***...***.......................
.....................................................................
.....................................................................
.....................................................................
.....................................................................
.....................................................................
.....................................................................
.....................................................................
.....................................................................
.....................................................................
.....................................................................
.....................................................................
.....................................................................
.....................................................................
.....................................................................
.....................................................................
............................*...........*............................
...........................*.*.........*.*...........................
...........................*.*.........*.*...........................
............................*...........*............................
.....................................................................
.....................................................................
.....................................................................
.....*.........................................................*.....
.....*......................***.......***......................*.....
.....*.........................................................*.....
..........................*.....*...*.....*..........................
..........................*.....*...*.....*..........................
..........................*.....*...*.....*..........................
.....................................................................
............................***.......***............................
.............*.........................................*.............
............*.*.......................................*.*............
............*.*.......................................*.*............
.............*.........................................*.............
.....................................................................
.....................................................................
.........**...............................................**.........
........*..*.............................................*..*........
........*.*...............................................*.*........
.........*.................................................*.........
.....................................................................
.....................................................................
.....................................................................
.....................................................................
.....................................................................
.....................................................................
.........................**...............**.........................
........................*..*.............*..*........................
........................*.*...............*.*........................
....................**...*.................*...**....................
....................**.........................**....................
.....................................................................
.....................................................................
.....................................................................

Generation = 2500, Population = 192.
.....................................................................
.....................................................................
.....................................................................
....................**.........................**....................
....................**...*.................*...**....................
........................*.*...............*.*........................
........................*..*.............*..*........................
.........................**...............**.........................
.....................................................................
.....................................................................
.....................................................................
.....................................................................
.....................................................................
.....................................................................
.........*.................................................*.........
........*.*...............................................*.*........
........*..*.............................................*..*........
.........**...............................................**.........
.....................................................................
.....................................................................
.............*.........................................*.............
............*.*.......................................*.*............
............*.*.......................................*.*............
.............*...............*.........*...............*.............
.............................*.........*.............................
.............................*.........*.............................
.....................................................................
.........................***...***.***...***.........................
.....................................................................
.............................*.........*.............................
....***......................*.........*......................***....
.............................*.........*.............................
.....................................................................
.....................................................................
.....................................................................
............................*...........*............................
...........................*.*.........*.*...........................
...........................*.*.........*.*...........................
............................*...........*............................
.....................................................................
.....................................................................
.....................................................................
.....................................................................
.....................................................................
.....................................................................
.....................................................................
.....................................................................
.....................................................................
.....................................................................
.....................................................................
.....................................................................
.....................................................................
.....................................................................
........................*.....*.......*.....*........................
........................*.....*.......*.....*........................
........................*.....*.......*.....*........................
.....................................................................
.....................................................................
.....................................................................
.....................................................................
.....................................................................
.....................................................................
.....................................................................
.....................................................................
.....................................................................
.....................................................................
.....................................................................
.....................................................................
.....................................................................
.....................................................................
............................*...........*............................
...........................*.*.........*.*...........................
...........................*.*.........*.*...........................
............................*...........*............................
.....................................................................
.....................................................................
.....................................................................
.............................*.........*.............................
....***......................*.........*......................***....
.............................*.........*.............................
.....................................................................
.........................***...***.***...***.........................
.....................................................................
.............................*.........*.............................
.............................*.........*.............................
.............*...............*.........*...............*.............
............*.*.......................................*.*............
............*.*.......................................*.*............
.............*.........................................*.............
.....................................................................
.....................................................................
.........**...............................................**.........
........*..*.............................................*..*........
........*.*...............................................*.*........
.........*.................................................*.........
.....................................................................
.....................................................................
.....................................................................
.....................................................................
.....................................................................
.....................................................................
.........................**...............**.........................
........................*..*.............*..*........................
........................*.*...............*.*........................
....................**...*.................*...**....................
....................**.........................**....................
.....................................................................
.....................................................................
.....................................................................

*** Life<FredkinCell> 20x20 ***
Generation = 0, Population = 4.
--------------------
--------------------
--------------------
--------------------
--------------------
--------------------
--------------------
--------------------
--------------------
---------00---------
---------00---------
--------------------
--------------------
--------------------
--------------------
--------------------
--------------------
--------------------
--------------------
--------------------

Generation = 1, Population = 8.
--------------------
--------------------
--------------------
--------------------
--------------------
--------------------
--------------------
--------------------
---------00---------
--------0--0--------
--------0--0--------
---------00---------
--------------------
--------------------
--------------------
--------------------
--------------------
--------------------
--------------------
--------------------

Generation = 2, Population = 16.
--------------------
--------------------
--------------------
--------------------
--------------------
--------------------
--------------------
---------00---------
---------11---------
-------01--10-------
-------01--10-------
---------11---------
---------00---------
--------------------
--------------------
--------------------
--------------------
--------------------
--------------------
--------------------

Generation = 3, Population = 16.
--------------------
--------------------
--------------------
--------------------
--------------------
--------------------
---------00---------
--------0--0--------
-------0----0-------
------0------0------
------0------0------
-------0----0-------
--------0--0--------
---------00---------
--------------------
--------------------
--------------------
--------------------
--------------------
--------------------

Generation = 4, Population = 16.
--------------------
--------------------
--------------------
--------------------
--------------------
---------00---------
---------11---------
--------------------
--------------------
-----01------10-----
-----01------10-----
--------------------
--------------------
---------11---------
---------00---------
--------------------
--------------------
--------------------
--------------------
--------------------

Generation = 5, Population = 32.
--------------------
--------------------
--------------------
--------------------
---------00---------
--------0--0--------
--------0--0--------
---------00---------
-----00------00-----
----0--0----0--0----
----0--0----0--0----
-----00------00-----
---------00---------
--------0--0--------
--------0--0--------
---------00---------
--------------------
--------------------
--------------------
--------------------

*** Life<Cell> 20x20 ***
Generation = 0, Population = 6.
--------------------
--------------------
--------------------
--------------------
--------------------
--------------------
--------------------
--------------------
--------------------
---------00---------
--------0000--------
--------------------
--------------------
--------------------
--------------------
--------------------
--------------------
--------------------
--------------------
--------------------

Generation = 1, Population = 12.
--------------------
--------------------
--------------------
--------------------
--------------------
--------------------
--------------------
--------------------
---------00---------
--------------------
-------011110-------
--------0000--------
--------------------
--------------------
--------------------
--------------------
--------------------
--------------------
--------------------
--------------------

Generation = 2, Population = 24.
--------------------
--------------------
--------------------
--------------------
--------------------
--------------------
--------------------
---------00---------
--------0110--------
-------00--00-------
------01****10------
---------11---------
--------0000--------
--------------------
--------------------
--------------------
--------------------
--------------------
--------------------
--------------------

Generation = 3, Population = 32.
--------------------
--------------------
--------------------
--------------------
--------------------
--------------------
---------00---------
--------------------
---------**---------
--------1001--------
-----01*....*10-----
------000**000------
-------011110-------
--------0000--------
--------------------
--------------------
--------------------
--------------------
--------------------
--------------------

Generation = 4, Population = 28.
--------------------
--------------------
--------------------
--------------------
--------------------
---------00---------
--------0110--------
--------------------
---------..---------
-----00-*11*-00-----
----01*......*10----
--------1..1--------
--------------------
---------11---------
--------0000--------
--------------------
--------------------
--------------------
--------------------
--------------------

Generation = 5, Population = 52.
--------------------
--------------------
--------------------
--------------------
---------00---------
--------------------
-------01**10-------
--------0000--------
-----00-0**0-00-----
--------.--.--------
---01**.*..*.**10---
----0000-..-0000----
--------1111--------
--------------------
-------011110-------
--------0000--------
--------------------
--------------------
--------------------
--------------------

*** Life<ConwayCell> 20x20 : Glider ***
Generation = 0, Population = 5.
.*..................
..*.................
***.................
....................
....................
....................
....................
....................
....................
....................
....................
....................
....................
....................
....................
....................
....................
....................
....................
....................

Generation = 1, Population = 5.
....................
*.*.................
.**.................
.*..................
....................
....................
....................
....................
....................
....................
....................
....................
....................
....................
....................
....................
....................
....................
....................
....................

Generation = 2, Population = 5.
....................
..*.................
*.*.................
.**.................
....................
....................
....................
....................
....................
....................
....................
....................
....................
....................
....................
....................
....................
....................
....................
....................

Generation = 3, Population = 5.
....................
.*..................
..**................
.**.................
....................
....................
....................
....................
....................
....................
....................
....................
....................
....................
....................
....................
....................
....................
....................
....................

Generation = 4, Population = 5.
....................
..*.................
...*................
.***................
....................
....................
....................
....................
....................
....................
....................
....................
....................
....................
....................
....................
....................
....................
....................
....................

Generation = 5, Population = 5.
....................
....................
.*.*................
..**................
..*.................
....................
....................
....................
....................
....................
....................
....................
....................
....................
....................
....................
....................
....................
....................
....................

*** Life<ConwayCell> 20x20 : Small Exploder ***
Generation = 0, Population = 7.
....................
....................
....................
....................
....................
....................
....................
....................
..........*.........
.........***........
.........*.*........
..........*.........
....................
....................
....................
....................
....................
....................
....................
....................

Generation = 1, Population = 8.
....................
....................
....................
....................
....................
....................
....................
....................
.........***........
.........*.*........
.........*.*........
..........*.........
....................
....................
....................
....................
....................
....................
....................
....................

Generation = 2, Population = 10.
....................
....................
....................
....................
....................
....................
....................
..........*.........
.........*.*........
........**.**.......
.........*.*........
..........*.........
....................
....................
....................
....................
....................
....................
....................
....................

Generation = 3, Population = 14.
....................
....................
....................
....................
....................
....................
....................
..........*.........
........**.**.......
........**.**.......
........**.**.......
..........*.........
....................
....................
....................
....................
....................
....................
....................
....................

Generation = 4, Population = 12.
....................
....................
....................
....................
....................
....................
....................
.........***........
........*...*.......
.......*.....*......
........*...*.......
.........***........
....................
....................
....................
....................
....................
....................
....................
....................

Generation = 5, Population = 22.
....................
....................
....................
....................
....................
....................
..........*.........
.........***........
........*****.......
.......**...**......
........*****.......
.........***........
..........*.........
....................
....................
....................
....................
....................
....................
....................

*** Life<ConwayCell> 0x0 ***
Generation = 0, Population = 0.

Generation = 1, Population = 0.

Generation = 2, Population = 0.

Generation = 3, Population = 0.

Generation = 4, Population = 0.

Generation = 5, Population = 0.

*** Life<ConwayCell> 1x1 ***
Generation = 0, Population = 0.
.

Generation = 1, Population = 0.
.

Generation = 2, Population = 0.
.

Generation = 3, Population = 0.
.

Generation = 4, Population = 0.
.

Generation = 5, Population = 0.
.

*** Life<ConwayCell> 6x6 : Toad ***
Generation = 0, Population = 6.
......
......
..***.
.***..
......
......

Generation = 1, Population = 6.
......
...*..
.*..*.
.*..*.
..*...
......

Generation = 2, Population = 6.
......
......
..***.
.***..
......
......

Generation = 3, Population = 6.
......
...*..
.*..*.
.*..*.
..*...
......

Generation = 4, Population = 6.
......
......
..***.
.***..
......
......

Generation = 5, Population = 6.
......
...*..
.*..*.
.*..*.
..*...
......

*** Life<FredkinCell> 0x0 ***
Generation = 0, Population = 0.

Generation = 1, Population = 0.

Generation = 2, Population = 0.

Generation = 3, Population = 0.

Generation = 4, Population = 0.

Generation = 5, Population = 0.

*** Life<FredkinCell> 1x1 ***
Generation = 0, Population = 0.
-

Generation = 1, Population = 0.
-

Generation = 2, Population = 0.
-

Generation = 3, Population = 0.
-

Generation = 4, Population = 0.
-

Generation = 5, Population = 0.
-

*** Life<FredkinCell> 20x20 : Cross ***
Generation = 0, Population = 5.
--------------------
--------------------
--------------------
--------------------
--------------------
--------------------
--------------------
--------------------
--------------------
----------0---------
---------000--------
----------0---------
--------------------
--------------------
--------------------
--------------------
--------------------
--------------------
--------------------
--------------------

Generation = 1, Population = 8.
--------------------
--------------------
--------------------
--------------------
--------------------
--------------------
--------------------
--------------------
----------0---------
----------1---------
--------01-10-------
----------1---------
----------0---------
--------------------
--------------------
--------------------
--------------------
--------------------
--------------------
--------------------

Generation = 2, Population = 20.
--------------------
--------------------
--------------------
--------------------
--------------------
--------------------
--------------------
----------0---------
---------010--------
--------0-2-0-------
-------012-210------
--------0-2-0-------
---------010--------
----------0---------
--------------------
--------------------
--------------------
--------------------
--------------------
--------------------

Generation = 3, Population = 20.
--------------------
--------------------
--------------------
--------------------
--------------------
--------------------
----------0---------
----------1---------
---------1-1--------
--------1-3-1-------
------01-3-3-10-----
--------1-3-1-------
---------1-1--------
----------1---------
----------0---------
--------------------
--------------------
--------------------
--------------------
--------------------

Generation = 4, Population = 20.
--------------------
--------------------
--------------------
--------------------
--------------------
----------0---------
---------010--------
----------2---------
--------------------
------0-------0-----
-----012-----210----
------0-------0-----
--------------------
----------2---------
---------010--------
----------0---------
--------------------
--------------------
--------------------
--------------------

Generation = 5, Population = 32.
--------------------
--------------------
--------------------
--------------------
----------0---------
----------1---------
--------01-10-------
----------3---------
------0---1---0-----
------1-------1-----
----01-31---13-10---
------1-------1-----
------0---1---0-----
----------3---------
--------01-10-------
----------1---------
----------0---------
--------------------
--------------------
--------------------

*** Life<FredkinCell> 20x20 : Longer Cross ***
Generation = 0, Population = 9.
--------------------
--------------------
--------------------
--------------------
--------------------
--------------------
--------------------
--------------------
----------0---------
----------0---------
--------00000-------
----------0---------
----------0---------
--------------------
--------------------
--------------------
--------------------
--------------------
--------------------
--------------------

Generation = 1, Population = 16.
--------------------
--------------------
--------------------
--------------------
--------------------
--------------------
--------------------
----------0---------
---------010--------
--------0---0-------
-------01---10------
--------0---0-------
---------010--------
----------0---------
--------------------
--------------------
--------------------
--------------------
--------------------
--------------------

Generation = 2, Population = 24.
--------------------
--------------------
--------------------
--------------------
--------------------
--------------------
----------0---------
----------1---------
---------121--------
--------1-0-1-------
------0120-0210-----
--------1-0-1-------
---------121--------
----------1---------
----------0---------
--------------------
--------------------
--------------------
--------------------
--------------------

Generation = 3, Population = 28.
--------------------
--------------------
--------------------
--------------------
--------------------
----------0---------
---------010--------
--------------------
---------2-2--------
------0-2-1-2-0-----
-----01--1-1--10----
------0-2-1-2-0-----
---------2-2--------
--------------------
---------010--------
----------0---------
--------------------
--------------------
--------------------
--------------------

Generation = 4, Population = 36.
--------------------
--------------------
--------------------
--------------------
----------0---------
----------1---------
--------01210-------
----------1---------
------0---2---0-----
------1-------1-----
----01212---21210---
------1-------1-----
------0---2---0-----
----------1---------
--------01210-------
----------1---------
----------0---------
--------------------
--------------------
--------------------

Generation = 5, Population = 64.
--------------------
--------------------
--------------------
----------0---------
---------010--------
--------0---0-------
-------01---10------
------0-0---0-0-----
-----010-232-010----
----0---2-1-2---0---
---01---31-13---10--
----0---2-1-2---0---
-----010-232-010----
------0-0---0-0-----
-------01---10------
--------0---0-------
---------010--------
----------0---------
--------------------
--------------------

*** Life<FredkinCell> 20x20 : Ring ***
Generation = 0, Population = 20.
--------------------
--------------------
--------------------
--------------------
--------------------
--------------------
--------------------
--------------------
--------0000--------
-------00--00-------
-------0----0-------
-------0----0-------
-------00--00-------
--------0000--------
--------------------
--------------------
--------------------
--------------------
--------------------
--------------------

Generation = 1, Population = 16.
--------------------
--------------------
--------------------
--------------------
--------------------
--------------------
--------------------
--------0000--------
--------------------
------0------0------
------0------0------
------0------0------
------0------0------
--------------------
--------0000--------
--------------------
--------------------
--------------------
--------------------
--------------------

Generation = 2, Population = 48.
--------------------
--------------------
--------------------
--------------------
--------------------
--------------------
--------0000--------
-------01--10-------
------0-0000-0------
-----010----010-----
-----0-0----0-0-----
-----0-0----0-0-----
-----010----010-----
------0-0000-0------
-------01--10-------
--------0000--------
--------------------
--------------------
--------------------
--------------------

Generation = 3, Population = 48.
--------------------
--------------------
--------------------
--------------------
--------------------
--------0000--------
--------------------
-------120021-------
------1------1------
----0-2--00--2-0----
----0-0-0--0-0-0----
----0-0-0--0-0-0----
----0-2--00--2-0----
------1------1------
-------120021-------
--------------------
--------0000--------
--------------------
--------------------
--------------------

Generation = 4, Population = 64.
--------------------
--------------------
--------------------
--------------------
--------0000--------
-------01--10-------
-------0----0-------
-------2----2-------
----002-0--0-200----
---01--0-11-0--10---
---0----1--1----0---
---0----1--1----0---
---01--0-11-0--10---
----002-0--0-200----
-------2----2-------
-------0----0-------
-------01--10-------
--------0000--------
--------------------
--------------------

Generation = 5, Population = 48.
--------------------
--------------------
--------------------
--------0000--------
--------------------
------0------0------
------0------0------
----00-3----3-00----
------3------3------
--0------22------0--
--0-----2--2-----0--
--0-----2--2-----0--
--0------22------0--
------3------3------
----00-3----3-00----
------0------0------
------0------0------
--------------------
--------0000--------
--------------------

*** Life<Cell> 0x0 ***
Generation = 0, Population = 0.

Generation = 1, Population = 0.

Generation = 2, Population = 0.

Generation = 3, Population = 0.

Generation = 4, Population = 0.

Generation = 5, Population = 0.

*** Life<Cell> 1x1 ***
Generation = 0, Population = 0.
-

Generation = 1, Population = 0.
-

Generation = 2, Population = 0.
-

Generation = 3, Population = 0.
-

Generation = 4, Population = 0.
-

Generation = 5, Population = 0.
-

*** Life<Cell> 20x20 : Ring***
Generation = 0, Population = 20.
--------------------
--------------------
--------------------
--------------------
--------------------
--------------------
--------------------
--------0000--------
-------00--00-------
-------0----0-------
-------0----0-------
-------00--00-------
--------0000--------
--------------------
--------------------
--------------------
--------------------
--------------------
--------------------
--------------------

Generation = 10, Population = 128.
-----01-*--*-10-----
-----0-0-00-0-0-----
-----0-..--..-0-----
-----01-*--*-10-----
-----**0*00*0**-----
0000*-.-1--1-.-*0000
1--1*.-..--..-.*1--1
-0.-0-.-....-.-0-.0-
*-.**1..-..-..1**.-*
-0--0--..--..--0--0-
-0--0--..--..--0--0-
*-.**1..-..-..1**.-*
-0.-0-.-....-.-0-.0-
1--1*.-..--..-.*1--1
0000*-.-1--1-.-*0000
-----**0*00*0**-----
-----01-*--*-10-----
-----0-..--..-0-----
-----0-0-00-0-0-----
-----01-*--*-10-----

Generation = 20, Population = 104.
-****-.1.**.1.-****-
*-.-.*.0....0.*.-.-*
*.-.-*-******-*-.-.*
*-.--....--....--.-*
*.---....11....---.*
-**..-........-..**-
..-...-..--..-...-..
10*....-....-....*01
..*.....-..-.....*..
*.*-1.-..--..-.1-*.*
*.*-1.-..--..-.1-*.*
..*.....-..-.....*..
10*....-....-....*01
..-...-..--..-...-..
-**..-........-..**-
*.---....11....---.*
*-.--....--....--.-*
*.-.-*-******-*-.-.*
*-.-.*.0....0.*.-.-*
-****-.1.**.1.-****-

Generation = 30, Population = 64.
-...***......***...-
.-.*...*....*...*.-.
..-*...*....*...*-..
.**--.*..--..*.--**.
*..--..........--..*
*....-........-....*
*..*..-..--..-..*..*
.**....-....-....**.
........-..-........
...-..-..--..-..-...
...-..-..--..-..-...
........-..-........
.**....-....-....**.
*..*..-..--..-..*..*
*....-........-....*
*..--..........--..*
.**--.*..--..*.--**.
..-*...*....*...*-..
.-.*...*....*...*.-.
-...***......***...-

Generation = 40, Population = 56.
-...***......***...-
.-.*..*......*..*.-.
..-**..........**-..
.**-.....--.....-**.
*.*.-..........-.*.*
*....-........-....*
**....-..--..-....**
.......-....-.......
........-..-........
...-..-..--..-..-...
...-..-..--..-..-...
........-..-........
.......-....-.......
**....-..--..-....**
*....-........-....*
*.*.-..........-.*.*
.**-.....--.....-**.
..-**..........**-..
.-.*..*......*..*.-.
-...***......***...-

Generation = 50, Population = 56.
-...***......***...-
.-.*..*......*..*.-.
..-**..........**-..
.**-.....--.....-**.
*.*.-..........-.*.*
*....-........-....*
**....-..--..-....**
.......-....-.......
........-..-........
...-..-..--..-..-...
...-..-..--..-..-...
........-..-........
.......-....-.......
**....-..--..-....**
*....-........-....*
*.*.-..........-.*.*
.**-.....--.....-**.
..-**..........**-..
.-.*..*......*..*.-.
-...***......***...-

*** Life<Cell> 20x20 : Full***
Generation = 0, Population = 400.
00000000000000000000
00000000000000000000
00000000000000000000
00000000000000000000
00000000000000000000
00000000000000000000
00000000000000000000
00000000000000000000
00000000000000000000
00000000000000000000
00000000000000000000
00000000000000000000
00000000000000000000
00000000000000000000
00000000000000000000
00000000000000000000
00000000000000000000
00000000000000000000
00000000000000000000
00000000000000000000

Generation = 10, Population = 176.
-...-*1.****.1*-...-
.---.***.**.***.---.
.--*.1*......*1.*--.
.-*--1*......*1--*-.
-..--0.1*--*1.0--..-
**110-01....10-011**
1***.0-0*--*0-0.***1
.*..110--11--011..*.
*...*.*--00--*.*...*
**..-.-10--01-.-..**
**..-.-10--01-.-..**
*...*.*--00--*.*...*
.*..110--11--011..*.
1***.0-0*--*0-0.***1
**110-01....10-011**
-..--0.1*--*1.0--..-
.-*--1*......*1--*-.
.--*.1*......*1.*--.
.---.***.**.***.---.
-...-*1.****.1*-...-

Generation = 20, Population = 48.
-...*.*......*.*...-
.--......**......--.
.--..............--.
...-............-...
*...-..........-...*
.....-***..***-.....
*....*-......-*....*
.....*.-....-.*.....
.....*..----..*.....
.*......----......*.
.*......----......*.
.....*..----..*.....
.....*.-....-.*.....
*....*-......-*....*
.....-***..***-.....
*...-..........-...*
...-............-...
.--..............--.
.--......**......--.
-...*.*......*.*...-

Generation = 30, Population = 48.
-**.*.*......*.*.**-
*--..............--*
*--..............--*
...-............-...
*...-..........-...*
.....-........-.....
*.....-......-.....*
.......-*..*-.......
.......*-11-*.......
........1--1........
........1--1........
.......*-11-*.......
.......-*..*-.......
*.....-......-.....*
.....-........-.....
*...-..........-...*
...-............-...
*--..............--*
*--..............--*
-**.*.*......*.*.**-

Generation = 40, Population = 56.
-...*.*.****.*.*...-
.-1..............1-.
.1-..............-1.
...-............-...
*...-..........-...*
.....-........-.....
*.....-......-.....*
.......-*..*-.......
*......*-**-*......*
*.......*--*.......*
*.......*--*.......*
*......*-**-*......*
.......-*..*-.......
*.....-......-.....*
.....-........-.....
*...-..........-...*
...-............-...
.1-..............-1.
.-1..............1-.
-...*.*.****.*.*...-

Generation = 50, Population = 40.
-...*.*......*.*...-
.--......**......--.
.--..............--.
...-............-...
*...-..........-...*
.....-........-.....
*.....-......-.....*
.......-*..*-.......
.......*-**-*.......
.*......*--*......*.
.*......*--*......*.
.......*-**-*.......
.......-*..*-.......
*.....-......-.....*
.....-........-.....
*...-..........-...*
...-............-...
.--..............--.
.--......**......--.
-...*.*......*.*...-

*** Life<Cell> 50x50 : Full***
Generation = 0, Population = 2500.
00000000000000000000000000000000000000000000000000
00000000000000000000000000000000000000000000000000
00000000000000000000000000000000000000000000000000
00000000000000000000000000000000000000000000000000
00000000000000000000000000000000000000000000000000
00000000000000000000000000000000000000000000000000
00000000000000000000000000000000000000000000000000
00000000000000000000000000000000000000000000000000
00000000000000000000000000000000000000000000000000
00000000000000000000000000000000000000000000000000
00000000000000000000000000000000000000000000000000
00000000000000000000000000000000000000000000000000
00000000000000000000000000000000000000000000000000
00000000000000000000000000000000000000000000000000
00000000000000000000000000000000000000000000000000
00000000000000000000000000000000000000000000000000
00000000000000000000000000000000000000000000000000
00000000000000000000000000000000000000000000000000
00000000000000000000000000000000000000000000000000
00000000000000000000000000000000000000000000000000
00000000000000000000000000000000000000000000000000
00000000000000000000000000000000000000000000000000
00000000000000000000000000000000000000000000000000
00000000000000000000000000000000000000000000000000
00000000000000000000000000000000000000000000000000
00000000000000000000000000000000000000000000000000
00000000000000000000000000000000000000000000000000
00000000000000000000000000000000000000000000000000
00000000000000000000000000000000000000000000000000
00000000000000000000000000000000000000000000000000
00000000000000000000000000000000000000000000000000
00000000000000000000000000000000000000000000000000
00000000000000000000000000000000000000000000000000
00000000000000000000000000000000000000000000000000
00000000000000000000000000000000000000000000000000
00000000000000000000000000000000000000000000000000
00000000000000000000000000000000000000000000000000
00000000000000000000000000000000000000000000000000
00000000000000000000000000000000000000000000000000
00000000000000000000000000000000000000000000000000
00000000000000000000000000000000000000000000000000
00000000000000000000000000000000000000000000000000
00000000000000000000000000000000000000000000000000
00000000000000000000000000000000000000000000000000
00000000000000000000000000000000000000000000000000
00000000000000000000000000000000000000000000000000
00000000000000000000000000000000000000000000000000
00000000000000000000000000000000000000000000000000
00000000000000000000000000000000000000000000000000
00000000000000000000000000000000000000000000000000

Generation = 200, Population = 280.
-***......*.*.*....*....**....*....*.*.*......***-
*-...*.*..............*....*..............*.*...-*
*.-..*.*...............****...............*.*..-.*
*..-..*.................**.................*..-..*
....-........................................-....
.**..-............**..........**............-..**.
...*..-..........*..*........*..*..........-..*...
.**....-..........**..........**..........-....**.
........-.........*............*.........-........
.........-..............................-.........
*.........-............................-.........*
...........-............**............-...........
*...........-..........*..*..........-...........*
.............-..........**..........-.............
*.............-....................-.............*
...............-...**........**...-...............
................-..*.*......*.*..-................
......*..........-..*........*..-..........*......
.....*.**.........-...-....-...-.........**.*.....
*....*.*.......**..-....**....-..**.......*.*....*
......*........*.*..-..*..*..-..*.*........*......
................*....-..**..-....*................
.*................-...--..--...-................*.
..*.........*.......*.------.*.......*.........*..
*.**.......*.*.....*.*.----.*.*.....*.*.......**.*
*.**.......*.*.....*.*.----.*.*.....*.*.......**.*
..*.........*.......*.------.*.......*.........*..
.*................-...--..--...-................*.
................*....-..**..-....*................
......*........*.*..-..*..*..-..*.*........*......
*....*.*.......**..-....**....-..**.......*.*....*
.....*.**.........-...-....-...-.........**.*.....
......*..........-..*........*..-..........*......
................-..*.*......*.*..-................
...............-...**........**...-...............
*.............-....................-.............*
.............-..........**..........-.............
*...........-..........*..*..........-...........*
...........-............**............-...........
*.........-............................-.........*
.........-..............................-.........
........-.........*............*.........-........
.**....-..........**..........**..........-....**.
...*..-..........*..*........*..*..........-..*...
.**..-............**..........**............-..**.
....-........................................-....
*..-..*.................**.................*..-..*
*.-..*.*...............****...............*.*..-.*
*-...*.*..............*....*..............*.*...-*
-***......*.*.*....*....**....*....*.*.*......***-

Generation = 400, Population = 456.
-..................**........**..................-
.-**..***..***...**............**...***..***..**-.
.*-*...*.*..*..*..**..*....*..**..*..*..*.*...*-*.
.**-....*......*.***..........***.*......*....-**.
....-...**....*....*..........*....*....**...-....
.....-....*.**......***....***......**.*....-.....
.*....-.....**....**.*......*.**....**.....-....*.
.**....-....*...***............***...*....-....**.
.*.**...-......*...*..........*...*......-...**.*.
..*.*....-......*.*............*.*......-....*.*..
.....*....-.....***............***.....-....*.....
.*.........-..........................-.........*.
.**..***....-........................-....***..**.
.*...**......-......................-......**...*.
....*.........-....................-.........*....
..**....*......-.**............**.-......*....**..
.......*.**.....-.*............*.-.....**.*.......
.*.*...*..*....*.-..............-.*....*..*...*.*.
.***..**.**....**.-...-....-...-.**....**.**..***.
*.***.*.*..........-....**....-..........*.*.***.*
*....*..............-..*..*..-..............*....*
.....**..............-..**..-..............**.....
..*..*............-...--..--...-............*..*..
....................*.------.*....................
...................*.*.----.*.*...................
...................*.*.----.*.*...................
....................*.------.*....................
..*..*............-...--..--...-............*..*..
.....**..............-..**..-..............**.....
*....*..............-..*..*..-..............*....*
*.***.*.*..........-....**....-..........*.*.***.*
.***..**.**....**.-...-....-...-.**....**.**..***.
.*.*...*..*....*.-..............-.*....*..*...*.*.
.......*.**.....-.*............*.-.....**.*.......
..**....*......-.**............**.-......*....**..
....*.........-....................-.........*....
.*...**......-......................-......**...*.
.**..***....-........................-....***..**.
.*.........-..........................-.........*.
.....*....-.....***............***.....-....*.....
..*.*....-......*.*............*.*......-....*.*..
.*.**...-......*...*..........*...*......-...**.*.
.**....-....*...***............***...*....-....**.
.*....-.....**....**.*......*.**....**.....-....*.
.....-....*.**......***....***......**.*....-.....
....-...**....*....*..........*....*....**...-....
.**-....*......*.***..........***.*......*....-**.
.*-*...*.*..*..*..**..*....*..**..*..*..*.*...*-*.
.-**..***..***...**............**...***..***..**-.
-..................**........**..................-

Generation = 600, Population = 160.
-*....*.*.......*.*.*.*....*.*.*.*.......*.*....*-
*-.........*..........................*.........-*
..-........**........................**........-..
...-................*........*................-...
....-..............*.*......*.*..............-....
.....-.............*.*......*.*.............-.....
*.....-.............*........*.............-.....*
.......-..................................-.......
*.......-................................-.......*
.........-..............................-.........
..........-............................-..........
.**........-.....**............**.....-........**.
..*.........-....**............**....-.........*..
.............-......................-.............
..............-....................-..............
...............-..................-...............
*...............-................-...............*
...........**....-..............-....**...........
*..........**.....-............-.....**..........*
....**.............-..........-.............**....
*..*..*.............-........-.............*..*..*
....**...............-......-...............**....
*.....................--..--.....................*
......................------......................
.......................----.......................
.......................----.......................
......................------......................
*.....................--..--.....................*
....**...............-......-...............**....
*..*..*.............-........-.............*..*..*
....**.............-..........-.............**....
*..........**.....-............-.....**..........*
...........**....-..............-....**...........
*...............-................-...............*
...............-..................-...............
..............-....................-..............
.............-......................-.............
..*.........-....**............**....-.........*..
.**........-.....**............**.....-........**.
..........-............................-..........
.........-..............................-.........
*.......-................................-.......*
.......-..................................-.......
*.....-.............*........*.............-.....*
.....-.............*.*......*.*.............-.....
....-..............*.*......*.*..............-....
...-................*........*................-...
..-........**........................**........-..
*-.........*..........................*.........-*
-*....*.*.......*.*.*.*....*.*.*.*.......*.*....*-

Generation = 800, Population = 160.
-*....*.*.......*.*.*.*....*.*.*.*.......*.*....*-
*-.........*..........................*.........-*
..-........**........................**........-..
...-................*........*................-...
....-..............*.*......*.*..............-....
.....-.............*.*......*.*.............-.....
*.....-.............*........*.............-.....*
.......-..................................-.......
*.......-................................-.......*
.........-..............................-.........
..........-............................-..........
.**........-.....**............**.....-........**.
..*.........-....**............**....-.........*..
.............-......................-.............
..............-....................-..............
...............-..................-...............
*...............-................-...............*
...........**....-..............-....**...........
*..........**.....-............-.....**..........*
....**.............-..........-.............**....
*..*..*.............-........-.............*..*..*
....**...............-......-...............**....
*.....................--..--.....................*
......................------......................
.......................----.......................
.......................----.......................
......................------......................
*.....................--..--.....................*
....**...............-......-...............**....
*..*..*.............-........-.............*..*..*
....**.............-..........-.............**....
*..........**.....-............-.....**..........*
...........**....-..............-....**...........
*...............-................-...............*
...............-..................-...............
..............-....................-..............
.............-......................-.............
..*.........-....**............**....-.........*..
.**........-.....**............**.....-........**.
..........-............................-..........
.........-..............................-.........
*.......-................................-.......*
.......-..................................-.......
*.....-.............*........*.............-.....*
.....-.............*.*......*.*.............-.....
....-..............*.*......*.*..............-....
...-................*........*................-...
..-........**........................**........-..
*-.........*..........................*.........-*
-*....*.*.......*.*.*.*....*.*.*.*.......*.*....*-

Generation = 1000, Population = 160.
-*....*.*.......*.*.*.*....*.*.*.*.......*.*....*-
*-.........*..........................*.........-*
..-........**........................**........-..
...-................*........*................-...
....-..............*.*......*.*..............-....
.....-.............*.*......*.*.............-.....
*.....-.............*........*.............-.....*
.......-..................................-.......
*.......-................................-.......*
.........-..............................-.........
..........-............................-..........
.**........-.....**............**.....-........**.
..*.........-....**............**....-.........*..
.............-......................-.............
..............-....................-..............
...............-..................-...............
*...............-................-...............*
...........**....-..............-....**...........
*..........**.....-............-.....**..........*
....**.............-..........-.............**....
*..*..*.............-........-.............*..*..*
....**...............-......-...............**....
*.....................--..--.....................*
......................------......................
.......................----.......................
.......................----.......................
......................------......................
*.....................--..--.....................*
....**...............-......-...............**....
*..*..*.............-........-.............*..*..*
....**.............-..........-.............**....
*..........**.....-............-.....**..........*
...........**....-..............-....**...........
*...............-................-...............*
...............-..................-...............
..............-....................-..............
.............-......................-.............
..*.........-....**............**....-.........*..
.**........-.....**............**.....-........**.
..........-............................-..........
.........-..............................-.........
*.......-................................-.......*
.......-..................................-.......
*.....-.............*........*.............-.....*
.....-.............*.*......*.*.............-.....
....-..............*.*......*.*..............-....
...-................*........*................-...
..-........**........................**........-..
*-.........*..........................*.........-*
-*....*.*.......*.*.*.*....*.*.*.*.......*.*....*-

